-------------------------------------------------------------------------------
Test set: org.example.CalcTest
-------------------------------------------------------------------------------
Tests run: 2, Failures: 1, Errors: 0, Skipped: 0, Time elapsed: 0.022 s <<< FAILURE! - in org.example.CalcTest
subtraction  Time elapsed: 0.018 s  <<< FAILURE!
org.opentest4j.AssertionFailedError: expected: <2> but was: <8>
	at org.example.CalcTest.subtraction(CalcTest.java:15)

